<?xml version="1.0" encoding="UTF-8"?>
<!-- Generated by org.testng.reporters.JUnitReportReporter -->
<testsuite hostname="Hems" name="test.RegisterTest" tests="3" failures="0" timestamp="17 Jul 2018 21:17:27 GMT" time="32.566" errors="0">
  <testcase name="checkOpenRegistrationBoxNewWindow" time="17.641" classname="test.RegisterTest"/>
  <testcase name="enterExistingUserRegistrationData" time="8.086" classname="test.RegisterTest"/>
  <testcase name="enterLogin" time="6.839" classname="test.RegisterTest"/>
</testsuite> <!-- test.RegisterTest -->
